
/home/runner/work/exp-sphere-cylinder-iitb/exp-sphere-cylinder-iitb/experiment/simulation/common_libraries/js/ts_components/collapse_step.js
   1:10  warning  'show_step' is defined but never used                 no-unused-vars
   2:5   warning  '$' is not defined                                    no-undef
   3:9   warning  '$' is not defined                                    no-undef
   6:10  warning  'hide_step' is defined but never used                 no-unused-vars
   7:5   warning  '$' is not defined                                    no-undef
   8:9   warning  '$' is not defined                                    no-undef
  11:10  warning  'get_collapse_btn_text' is defined but never used     no-unused-vars
  20:10  warning  'get_collapse_btn_element' is defined but never used  no-unused-vars
  29:10  warning  'hide_all_steps' is defined but never used            no-unused-vars
  31:9   warning  '$' is not defined                                    no-undef

/home/runner/work/exp-sphere-cylinder-iitb/exp-sphere-cylinder-iitb/experiment/simulation/common_libraries/js/ts_components/matrix.js
   27:26  warning  'MathJax' is not defined                                no-undef
   32:7   warning  'Matrix_Without_String' is defined but never used       no-unused-vars
   52:26  warning  'MathJax' is not defined                                no-undef
   56:10  warning  'get_matrix_html' is defined but never used             no-unused-vars
   87:13  warning  'row_html' is assigned a value but never used           no-unused-vars
   99:10  warning  'get_matrix_html_with_title' is defined but never used  no-unused-vars
  131:13  warning  'row_html' is assigned a value but never used           no-unused-vars
  143:10  warning  'convert_2d_to_1d_vector' is defined but never used     no-unused-vars
  156:10  warning  'convert_1d_to_2d_matrix' is defined but never used     no-unused-vars

/home/runner/work/exp-sphere-cylinder-iitb/exp-sphere-cylinder-iitb/experiment/simulation/common_libraries/js/ts_components/pannel.js
  8:7  warning  'Pannel' is defined but never used  no-unused-vars

/home/runner/work/exp-sphere-cylinder-iitb/exp-sphere-cylinder-iitb/experiment/simulation/common_libraries/js/ts_components/questions.js
   6:17  warning  'op1' is assigned a value but never used      no-unused-vars
   7:17  warning  'op2' is assigned a value but never used      no-unused-vars
   8:17  warning  'op3' is assigned a value but never used      no-unused-vars
   9:17  warning  'op4' is assigned a value but never used      no-unused-vars
  94:7   warning  'Question_Options' is defined but never used  no-unused-vars

/home/runner/work/exp-sphere-cylinder-iitb/exp-sphere-cylinder-iitb/experiment/simulation/common_libraries/js/ts_components/tables.js
   19:22  warning  'verify_values' is not defined                                     no-undef
  137:22  warning  'verify_values' is not defined                                     no-undef
  260:7   warning  'Verify_Rows_Cols_6_decimal_places' is defined but never used      no-unused-vars
  311:22  warning  'verify_values' is not defined                                     no-undef
  416:7   warning  'Verify_Rows_Cols_Custom_Fixed_Update1' is defined but never used  no-unused-vars
  468:7   warning  'Show_Table_Custom_Fixed' is defined but never used                no-unused-vars
  506:7   warning  'Verify_Rows_Cols_Strings' is defined but never used               no-unused-vars
  527:22  warning  'verify_values' is not defined                                     no-undef
  663:7   warning  'Display_Table' is defined but never used                          no-unused-vars

/home/runner/work/exp-sphere-cylinder-iitb/exp-sphere-cylinder-iitb/experiment/simulation/common_libraries/js/ts_math_library/general_math_functions.js
    1:10  warning  'verify_values' is defined but never used                   no-unused-vars
   17:10  warning  'random1' is defined but never used                         no-unused-vars
   21:10  warning  'std_deviation' is defined but never used                   no-unused-vars
   26:10  warning  'gauss' is defined but never used                           no-unused-vars
   56:10  warning  'hide_panel' is defined but never used                      no-unused-vars
   63:10  warning  'inverse_matrix' is defined but never used                  no-unused-vars
   96:10  warning  'matrix_multiplication' is defined but never used           no-unused-vars
  113:10  warning  'transpose_matrix' is defined but never used                no-unused-vars
  123:10  warning  'matrix_multiplication_8decimal' is defined but never used  no-unused-vars
  140:10  warning  'adjoint_2x2_matrix' is defined but never used              no-unused-vars
  145:10  warning  'find_deteminant' is defined but never used                 no-unused-vars
  174:10  warning  'get_Submatrix' is defined but never used                   no-unused-vars

/home/runner/work/exp-sphere-cylinder-iitb/exp-sphere-cylinder-iitb/experiment/simulation/common_libraries/js/ts_math_library/regression.js
   1:10  warning  'regression_linear' is defined but never used            no-unused-vars
  18:10  warning  'regression_linear_1variable' is defined but never used  no-unused-vars
  27:10  warning  'regression_linear_2variable' is defined but never used  no-unused-vars
  52:11  warning  'gauss' is not defined                                   no-undef

/home/runner/work/exp-sphere-cylinder-iitb/exp-sphere-cylinder-iitb/experiment/simulation/common_libraries/math.ob.js
  1:745  warning  'b' is already defined  no-redeclare

/home/runner/work/exp-sphere-cylinder-iitb/exp-sphere-cylinder-iitb/experiment/simulation/js/activity1.js
   15:9    warning  'MathJax' is not defined                        no-undef
   19:10   warning  'start_act1' is defined but never used          no-unused-vars
   24:20   warning  'get_collapse_btn_text' is not defined          no-undef
   32:56   warning  'D_a1' is not defined                           no-undef
   32:113  warning  'U_a1' is not defined                           no-undef
   33:65   warning  'L_a1' is not defined                           no-undef
   47:34   warning  Unnecessary escape character: \×                no-useless-escape
   47:39   warning  Unnecessary escape character: \×                no-useless-escape
   47:49   warning  Unnecessary escape character: \ρ                no-useless-escape
   58:5    warning  'hide_all_steps' is not defined                 no-undef
   60:9    warning  'MathJax' is not defined                        no-undef
   63:9    warning  'show_step' is not defined                      no-undef
   68:5    warning  'D_a1' is not defined                           no-undef
   68:12   warning  'random1' is not defined                        no-undef
   69:5    warning  'A_a1' is not defined                           no-undef
   69:12   warning  'L_a1' is not defined                           no-undef
   69:19   warning  'D_a1' is not defined                           no-undef
   70:5    warning  'F_dt' is not defined                           no-undef
   70:12   warning  'C_dt' is not defined                           no-undef
   70:19   warning  'A_a1' is not defined                           no-undef
   70:28   warning  'rho_a1' is not defined                         no-undef
   70:46   warning  'U_a1' is not defined                           no-undef
   71:5    warning  'F_ds' is not defined                           no-undef
   71:12   warning  'C_ds' is not defined                           no-undef
   71:19   warning  'A_a1' is not defined                           no-undef
   71:28   warning  'rho_a1' is not defined                         no-undef
   71:46   warning  'U_a1' is not defined                           no-undef
   72:5    warning  'F_dp' is not defined                           no-undef
   72:12   warning  'F_dt' is not defined                           no-undef
   72:19   warning  'F_ds' is not defined                           no-undef
   73:25   warning  'D_a1' is not defined                           no-undef
   74:25   warning  'A_a1' is not defined                           no-undef
   75:25   warning  'F_dt' is not defined                           no-undef
   76:25   warning  'F_ds' is not defined                           no-undef
   77:25   warning  'F_dp' is not defined                           no-undef
   79:10   warning  'a1_verify_ttl_drag' is defined but never used  no-unused-vars
   81:17   warning  'F_dt' is not defined                           no-undef
   82:10   warning  'verify_values' is not defined                  no-undef
   82:47   warning  'F_dt' is not defined                           no-undef
   96:28   warning  Unnecessary escape character: \×                no-useless-escape
   96:33   warning  Unnecessary escape character: \×                no-useless-escape
   96:43   warning  Unnecessary escape character: \ρ                no-useless-escape
   96:69   warning  'F_dt' is not defined                           no-undef
  110:34   warning  Unnecessary escape character: \×                no-useless-escape
  110:39   warning  Unnecessary escape character: \×                no-useless-escape
  110:49   warning  Unnecessary escape character: \ρ                no-useless-escape
  122:9    warning  'MathJax' is not defined                        no-undef
  125:10   warning  'a1_verify_sh_drag' is defined but never used   no-unused-vars
  127:17   warning  'F_ds' is not defined                           no-undef
  128:10   warning  'verify_values' is not defined                  no-undef
  128:47   warning  'F_ds' is not defined                           no-undef
  142:28   warning  Unnecessary escape character: \×                no-useless-escape
  142:33   warning  Unnecessary escape character: \×                no-useless-escape
  142:43   warning  Unnecessary escape character: \ρ                no-useless-escape
  142:71   warning  'F_ds' is not defined                           no-undef
  167:9    warning  'MathJax' is not defined                        no-undef
  170:10   warning  'a1_verify_pr_drag' is defined but never used   no-unused-vars
  172:17   warning  'F_dp' is not defined                           no-undef
  173:10   warning  'verify_values' is not defined                  no-undef
  173:47   warning  'F_dp' is not defined                           no-undef
  187:92   warning  'F_dp' is not defined                           no-undef
  196:9    warning  'MathJax' is not defined                        no-undef
  199:10   warning  'activity_completed' is defined but never used  no-unused-vars

/home/runner/work/exp-sphere-cylinder-iitb/exp-sphere-cylinder-iitb/experiment/simulation/js/activity2.js
    2:10   warning  'activity2' is defined but never used             no-unused-vars
    5:20   warning  'get_collapse_btn_text' is not defined            no-undef
   13:55   warning  'D_a2' is not defined                             no-undef
   13:156  warning  'U_a2' is not defined                             no-undef
   14:31   warning  'rho_a2' is not defined                           no-undef
   14:102  warning  'nue' is not defined                              no-undef
   31:5    warning  'maindiv' is not defined                          no-undef
   32:5    warning  'hide_all_steps' is not defined                   no-undef
   34:9    warning  'MathJax' is not defined                          no-undef
   37:9    warning  'show_step' is not defined                        no-undef
   42:5    warning  'U_a2' is not defined                             no-undef
   42:23   warning  'random' is not defined                           no-undef
   43:5    warning  'Re' is not defined                               no-undef
   43:11   warning  'U_a2' is not defined                             no-undef
   43:18   warning  'D_a2' is not defined                             no-undef
   43:26   warning  'nue' is not defined                              no-undef
   44:9    warning  'Re' is not defined                               no-undef
   44:21   warning  'Re' is not defined                               no-undef
   45:9    warning  'Cd' is not defined                               no-undef
   45:20   warning  'Re' is not defined                               no-undef
   45:41   warning  'Re' is not defined                               no-undef
   47:14   warning  'Re' is not defined                               no-undef
   47:25   warning  'Re' is not defined                               no-undef
   48:9    warning  'Cd' is not defined                               no-undef
   50:14   warning  'Re' is not defined                               no-undef
   50:28   warning  'Re' is not defined                               no-undef
   51:9    warning  'Cd' is not defined                               no-undef
   53:14   warning  'Re' is not defined                               no-undef
   53:30   warning  'Re' is not defined                               no-undef
   54:9    warning  'Cd' is not defined                               no-undef
   56:5    warning  'A_a2' is not defined                             no-undef
   56:37   warning  'D_a2' is not defined                             no-undef
   57:5    warning  'Fd' is not defined                               no-undef
   57:10   warning  'Cd' is not defined                               no-undef
   57:15   warning  'A_a2' is not defined                             no-undef
   57:24   warning  'rho_a2' is not defined                           no-undef
   57:42   warning  'U_a2' is not defined                             no-undef
   58:25   warning  'U_a2' is not defined                             no-undef
   59:23   warning  'Re' is not defined                               no-undef
   60:23   warning  'Cd' is not defined                               no-undef
   61:25   warning  'A_a2' is not defined                             no-undef
   62:23   warning  'Fd' is not defined                               no-undef
   64:10   warning  'a2_verify_Re' is defined but never used          no-unused-vars
   66:17   warning  'Re' is not defined                               no-undef
   67:10   warning  'verify_values' is not defined                    no-undef
   67:47   warning  'Re' is not defined                               no-undef
   81:50   warning  'Re' is not defined                               no-undef
  114:9    warning  'MathJax' is not defined                          no-undef
  117:10   warning  'a2_verify_cd' is defined but never used          no-unused-vars
  119:17   warning  'Cd' is not defined                               no-undef
  120:10   warning  'verify_values' is not defined                    no-undef
  120:47   warning  'Cd' is not defined                               no-undef
  134:21   warning  'Cd' is not defined                               no-undef
  145:28   warning  Unnecessary escape character: \×                  no-useless-escape
  145:33   warning  Unnecessary escape character: \×                  no-useless-escape
  145:43   warning  Unnecessary escape character: \ρ                  no-useless-escape
  157:9    warning  'MathJax' is not defined                          no-undef
  160:10   warning  'a2_verify_drag_force' is defined but never used  no-unused-vars
  162:17   warning  'Fd' is not defined                               no-undef
  163:10   warning  'verify_values' is not defined                    no-undef
  163:47   warning  'Fd' is not defined                               no-undef
  177:22   warning  Unnecessary escape character: \×                  no-useless-escape
  177:27   warning  Unnecessary escape character: \×                  no-useless-escape
  177:37   warning  Unnecessary escape character: \ρ                  no-useless-escape
  177:63   warning  'Fd' is not defined                               no-undef
  186:9    warning  'MathJax' is not defined                          no-undef

/home/runner/work/exp-sphere-cylinder-iitb/exp-sphere-cylinder-iitb/experiment/simulation/js/data.js
   2:5  warning  'D_a1' is assigned a value but never used    no-unused-vars
   3:5  warning  'L_a1' is assigned a value but never used    no-unused-vars
   4:5  warning  'A_a1' is assigned a value but never used    no-unused-vars
   5:5  warning  'U_a1' is assigned a value but never used    no-unused-vars
   6:5  warning  'C_dt' is assigned a value but never used    no-unused-vars
   7:5  warning  'C_ds' is assigned a value but never used    no-unused-vars
   8:5  warning  'rho_a1' is assigned a value but never used  no-unused-vars
   9:5  warning  'F_dt' is defined but never used             no-unused-vars
  10:5  warning  'F_ds' is defined but never used             no-unused-vars
  11:5  warning  'F_dp' is defined but never used             no-unused-vars
  13:5  warning  'D_a2' is assigned a value but never used    no-unused-vars
  14:5  warning  'U_a2' is assigned a value but never used    no-unused-vars
  15:5  warning  'rho_a2' is assigned a value but never used  no-unused-vars
  16:5  warning  'nue' is assigned a value but never used     no-unused-vars
  17:5  warning  'Re' is defined but never used               no-unused-vars
  18:5  warning  'Cd' is defined but never used               no-unused-vars
  19:5  warning  'A_a2' is defined but never used             no-unused-vars
  20:5  warning  'Fd' is defined but never used               no-unused-vars

/home/runner/work/exp-sphere-cylinder-iitb/exp-sphere-cylinder-iitb/experiment/simulation/js/screen_size.js
  1:10  warning  'set_screen_size' is defined but never used  no-unused-vars

✖ 199 problems (0 errors, 199 warnings)

